Configuring aeson-0.9.0.1...
Building aeson-0.9.0.1...
Preprocessing library aeson-0.9.0.1...

Data/Aeson/TH.hs:2:24: Warning:
    -XOverlappingInstances is deprecated: instead use per-instance pragmas OVERLAPPING/OVERLAPPABLE/OVERLAPS

Data/Aeson/Types/Generic.hs:2:45: Warning:
    -XOverlappingInstances is deprecated: instead use per-instance pragmas OVERLAPPING/OVERLAPPABLE/OVERLAPS

Data/Aeson/Types/Instances.hs:2:54: Warning:
    -XOverlappingInstances is deprecated: instead use per-instance pragmas OVERLAPPING/OVERLAPPABLE/OVERLAPS
[ 1 of 13] Compiling Data.Aeson.Types.Internal ( Data/Aeson/Types/Internal.hs, .stack-work/dist/x86_64-osx/Cabal-1.22.4.0/build/Data/Aeson/Types/Internal.o )

Data/Aeson/Types/Internal.hs:55:1: Warning:
    The import of ‘Data.Monoid’ is redundant
      except perhaps to import instances from ‘Data.Monoid’
    To import instances alone, use: import Data.Monoid()
[ 2 of 13] Compiling Data.Aeson.Types.Class ( Data/Aeson/Types/Class.hs, .stack-work/dist/x86_64-osx/Cabal-1.22.4.0/build/Data/Aeson/Types/Class.o )
[ 3 of 13] Compiling Data.Aeson.Functions ( Data/Aeson/Functions.hs, .stack-work/dist/x86_64-osx/Cabal-1.22.4.0/build/Data/Aeson/Functions.o )
[ 4 of 13] Compiling Data.Aeson.Types.Instances ( Data/Aeson/Types/Instances.hs, .stack-work/dist/x86_64-osx/Cabal-1.22.4.0/build/Data/Aeson/Types/Instances.o )

Data/Aeson/Types/Instances.hs:59:1: Warning:
    The import of ‘<*>, pure, <$>’
    from module ‘Control.Applicative’ is redundant

Data/Aeson/Types/Instances.hs:77:1: Warning:
    The import of ‘Data.Traversable’ is redundant
      except perhaps to import instances from ‘Data.Traversable’
    To import instances alone, use: import Data.Traversable()

Data/Aeson/Types/Instances.hs:79:1: Warning:
    The import of ‘Word’ from module ‘Data.Word’ is redundant
[ 5 of 13] Compiling Data.Aeson.Types.Generic ( Data/Aeson/Types/Generic.hs, .stack-work/dist/x86_64-osx/Cabal-1.22.4.0/build/Data/Aeson/Types/Generic.o )

Data/Aeson/Types/Generic.hs:22:1: Warning:
    The import of ‘<*>, pure, <$>’
    from module ‘Control.Applicative’ is redundant

Data/Aeson/Types/Generic.hs:30:1: Warning:
    The import of ‘Data.Monoid’ is redundant
      except perhaps to import instances from ‘Data.Monoid’
    To import instances alone, use: import Data.Monoid()
[ 6 of 13] Compiling Data.Aeson.Types ( Data/Aeson/Types.hs, .stack-work/dist/x86_64-osx/Cabal-1.22.4.0/build/Data/Aeson/Types.o )
[ 7 of 13] Compiling Data.Aeson.Encode.ByteString ( Data/Aeson/Encode/ByteString.hs, .stack-work/dist/x86_64-osx/Cabal-1.22.4.0/build/Data/Aeson/Encode/ByteString.o )

Data/Aeson/Encode/ByteString.hs:25:1: Warning:
    The import of ‘Data.Monoid’ is redundant
      except perhaps to import instances from ‘Data.Monoid’
    To import instances alone, use: import Data.Monoid()
[ 8 of 13] Compiling Data.Aeson.Parser.Internal ( Data/Aeson/Parser/Internal.hs, .stack-work/dist/x86_64-osx/Cabal-1.22.4.0/build/Data/Aeson/Parser/Internal.o )

Data/Aeson/Parser/Internal.hs:31:1: Warning:
    The import of ‘pure, <*, *>, <$>’
    from module ‘Control.Applicative’ is redundant
[ 9 of 13] Compiling Data.Aeson.Parser ( Data/Aeson/Parser.hs, .stack-work/dist/x86_64-osx/Cabal-1.22.4.0/build/Data/Aeson/Parser.o )
[10 of 13] Compiling Data.Aeson.Encode ( Data/Aeson/Encode.hs, .stack-work/dist/x86_64-osx/Cabal-1.22.4.0/build/Data/Aeson/Encode.o )

Data/Aeson/Encode.hs:32:1: Warning:
    The import of ‘Data.Monoid’ is redundant
      except perhaps to import instances from ‘Data.Monoid’
    To import instances alone, use: import Data.Monoid()
[11 of 13] Compiling Data.Aeson.Generic ( Data/Aeson/Generic.hs, .stack-work/dist/x86_64-osx/Cabal-1.22.4.0/build/Data/Aeson/Generic.o )

Data/Aeson/Generic.hs:35:1: Warning:
    The import of ‘Control.Applicative’ is redundant
      except perhaps to import instances from ‘Control.Applicative’
    To import instances alone, use: import Control.Applicative()

Data/Aeson/Generic.hs:48:1: Warning:
    The import of ‘Word’ from module ‘Data.Word’ is redundant
[12 of 13] Compiling Data.Aeson       ( Data/Aeson.hs, .stack-work/dist/x86_64-osx/Cabal-1.22.4.0/build/Data/Aeson.o )
[13 of 13] Compiling Data.Aeson.TH    ( Data/Aeson/TH.hs, .stack-work/dist/x86_64-osx/Cabal-1.22.4.0/build/Data/Aeson/TH.o )
In-place registering aeson-0.9.0.1...
Installing library in
/Users/libby/.stack/snapshots/x86_64-osx/nightly-2015-09-17/7.10.2/lib/x86_64-osx-ghc-7.10.2/aeson-0.9.0.1-7LqkjmEsh6j94J5IUKixQ6
Registering aeson-0.9.0.1...
