Configuring cryptohash-0.11.6...
Building cryptohash-0.11.6...
Preprocessing library cryptohash-0.11.6...
[ 1 of 23] Compiling Crypto.Hash.Utils.Cpu ( Crypto/Hash/Utils/Cpu.hs, .stack-work/dist/x86_64-osx/Cabal-1.22.4.0/build/Crypto/Hash/Utils/Cpu.o )

on the commandline: Warning:
    ‘Crypto.Hash.Utils.Cpu’ is marked as Trustworthy but has been inferred as safe!
[ 2 of 23] Compiling Crypto.MAC.HMAC  ( Crypto/MAC/HMAC.hs, .stack-work/dist/x86_64-osx/Cabal-1.22.4.0/build/Crypto/MAC/HMAC.o )

on the commandline: Warning:
    ‘Crypto.MAC.HMAC’ is marked as Trustworthy but has been inferred as safe!
[ 3 of 23] Compiling Crypto.Hash.Internal ( Crypto/Hash/Internal.hs, .stack-work/dist/x86_64-osx/Cabal-1.22.4.0/build/Crypto/Hash/Internal.o )
[ 4 of 23] Compiling Crypto.Hash.Whirlpool ( Crypto/Hash/Whirlpool.hs, .stack-work/dist/x86_64-osx/Cabal-1.22.4.0/build/Crypto/Hash/Whirlpool.o )

Crypto/Hash/Whirlpool.hs:50:11: Warning:
    Rule "digestSize" may never fire
      because ‘B.length’ might inline first
    Probable fix: add an INLINE[n] or NOINLINE[n] pragma on ‘B.length’
[ 5 of 23] Compiling Crypto.Hash.Skein512 ( Crypto/Hash/Skein512.hs, .stack-work/dist/x86_64-osx/Cabal-1.22.4.0/build/Crypto/Hash/Skein512.o )
[ 6 of 23] Compiling Crypto.Hash.Skein256 ( Crypto/Hash/Skein256.hs, .stack-work/dist/x86_64-osx/Cabal-1.22.4.0/build/Crypto/Hash/Skein256.o )
[ 7 of 23] Compiling Crypto.Hash.Tiger ( Crypto/Hash/Tiger.hs, .stack-work/dist/x86_64-osx/Cabal-1.22.4.0/build/Crypto/Hash/Tiger.o )

Crypto/Hash/Tiger.hs:50:11: Warning:
    Rule "digestSize" may never fire
      because ‘B.length’ might inline first
    Probable fix: add an INLINE[n] or NOINLINE[n] pragma on ‘B.length’
[ 8 of 23] Compiling Crypto.Hash.RIPEMD160 ( Crypto/Hash/RIPEMD160.hs, .stack-work/dist/x86_64-osx/Cabal-1.22.4.0/build/Crypto/Hash/RIPEMD160.o )

Crypto/Hash/RIPEMD160.hs:50:11: Warning:
    Rule "digestSize" may never fire
      because ‘B.length’ might inline first
    Probable fix: add an INLINE[n] or NOINLINE[n] pragma on ‘B.length’
[ 9 of 23] Compiling Crypto.Hash.SHA3 ( Crypto/Hash/SHA3.hs, .stack-work/dist/x86_64-osx/Cabal-1.22.4.0/build/Crypto/Hash/SHA3.o )
[10 of 23] Compiling Crypto.Hash.SHA512 ( Crypto/Hash/SHA512.hs, .stack-work/dist/x86_64-osx/Cabal-1.22.4.0/build/Crypto/Hash/SHA512.o )

Crypto/Hash/SHA512.hs:51:11: Warning:
    Rule "digestSize" may never fire
      because ‘B.length’ might inline first
    Probable fix: add an INLINE[n] or NOINLINE[n] pragma on ‘B.length’
[11 of 23] Compiling Crypto.Hash.SHA512t ( Crypto/Hash/SHA512t.hs, .stack-work/dist/x86_64-osx/Cabal-1.22.4.0/build/Crypto/Hash/SHA512t.o )

on the commandline: Warning:
    ‘Crypto.Hash.SHA512t’ is marked as Trustworthy but has been inferred as safe!
[12 of 23] Compiling Crypto.Hash.SHA384 ( Crypto/Hash/SHA384.hs, .stack-work/dist/x86_64-osx/Cabal-1.22.4.0/build/Crypto/Hash/SHA384.o )

Crypto/Hash/SHA384.hs:50:11: Warning:
    Rule "digestSize" may never fire
      because ‘B.length’ might inline first
    Probable fix: add an INLINE[n] or NOINLINE[n] pragma on ‘B.length’
[13 of 23] Compiling Crypto.Hash.SHA256 ( Crypto/Hash/SHA256.hs, .stack-work/dist/x86_64-osx/Cabal-1.22.4.0/build/Crypto/Hash/SHA256.o )

Crypto/Hash/SHA256.hs:50:11: Warning:
    Rule "digestSize" may never fire
      because ‘B.length’ might inline first
    Probable fix: add an INLINE[n] or NOINLINE[n] pragma on ‘B.length’
[14 of 23] Compiling Crypto.Hash.SHA224 ( Crypto/Hash/SHA224.hs, .stack-work/dist/x86_64-osx/Cabal-1.22.4.0/build/Crypto/Hash/SHA224.o )

Crypto/Hash/SHA224.hs:50:11: Warning:
    Rule "digestSize" may never fire
      because ‘B.length’ might inline first
    Probable fix: add an INLINE[n] or NOINLINE[n] pragma on ‘B.length’
[15 of 23] Compiling Crypto.Hash.SHA1 ( Crypto/Hash/SHA1.hs, .stack-work/dist/x86_64-osx/Cabal-1.22.4.0/build/Crypto/Hash/SHA1.o )

Crypto/Hash/SHA1.hs:50:11: Warning:
    Rule "digestSize" may never fire
      because ‘B.length’ might inline first
    Probable fix: add an INLINE[n] or NOINLINE[n] pragma on ‘B.length’
[16 of 23] Compiling Crypto.Hash.MD5  ( Crypto/Hash/MD5.hs, .stack-work/dist/x86_64-osx/Cabal-1.22.4.0/build/Crypto/Hash/MD5.o )

Crypto/Hash/MD5.hs:50:11: Warning:
    Rule "digestSize" may never fire
      because ‘B.length’ might inline first
    Probable fix: add an INLINE[n] or NOINLINE[n] pragma on ‘B.length’
[17 of 23] Compiling Crypto.Hash.MD4  ( Crypto/Hash/MD4.hs, .stack-work/dist/x86_64-osx/Cabal-1.22.4.0/build/Crypto/Hash/MD4.o )

Crypto/Hash/MD4.hs:50:11: Warning:
    Rule "digestSize" may never fire
      because ‘B.length’ might inline first
    Probable fix: add an INLINE[n] or NOINLINE[n] pragma on ‘B.length’
[18 of 23] Compiling Crypto.Hash.MD2  ( Crypto/Hash/MD2.hs, .stack-work/dist/x86_64-osx/Cabal-1.22.4.0/build/Crypto/Hash/MD2.o )

Crypto/Hash/MD2.hs:50:11: Warning:
    Rule "digestSize" may never fire
      because ‘B.length’ might inline first
    Probable fix: add an INLINE[n] or NOINLINE[n] pragma on ‘B.length’
[19 of 23] Compiling Crypto.Hash.Utils ( Crypto/Hash/Utils.hs, .stack-work/dist/x86_64-osx/Cabal-1.22.4.0/build/Crypto/Hash/Utils.o )
[20 of 23] Compiling Crypto.Hash.Types ( Crypto/Hash/Types.hs, .stack-work/dist/x86_64-osx/Cabal-1.22.4.0/build/Crypto/Hash/Types.o )
[21 of 23] Compiling Crypto.Hash      ( Crypto/Hash.hs, .stack-work/dist/x86_64-osx/Cabal-1.22.4.0/build/Crypto/Hash.o )
[22 of 23] Compiling Crypto.MAC       ( Crypto/MAC.hs, .stack-work/dist/x86_64-osx/Cabal-1.22.4.0/build/Crypto/MAC.o )
[23 of 23] Compiling Crypto.MAC.SHA3  ( Crypto/MAC/SHA3.hs, .stack-work/dist/x86_64-osx/Cabal-1.22.4.0/build/Crypto/MAC/SHA3.o )

cbits/sha512.c:236:22:
     warning: passing 'char [12]' to parameter of type 'uint8_t *' (aka 'unsigned char *') converts between pointers to integer types with different sign [-Wpointer-sign]
                    sha512_update(ctx, buf, i);
                                       ^~~

cbits/sha512.c:135:53:
     note: passing argument to parameter 'data' here
void sha512_update(struct sha512_ctx *ctx, uint8_t *data, uint32_t len)
                                                    ^
1 warning generated.

cbits/sha512.c:236:22:
     warning: passing 'char [12]' to parameter of type 'uint8_t *' (aka 'unsigned char *') converts between pointers to integer types with different sign [-Wpointer-sign]
                    sha512_update(ctx, buf, i);
                                       ^~~

cbits/sha512.c:135:53:
     note: passing argument to parameter 'data' here
void sha512_update(struct sha512_ctx *ctx, uint8_t *data, uint32_t len)
                                                    ^
1 warning generated.

cbits/md2.c:56:2:
     warning: initializing 'uint8_t *' (aka 'unsigned char *') with an expression of type 'char [1]' converts between pointers to integer types with different sign [-Wpointer-sign]
            "",
            ^~

cbits/md2.c:57:2:
     warning: initializing 'uint8_t *' (aka 'unsigned char *') with an expression of type 'char [2]' converts between pointers to integer types with different sign [-Wpointer-sign]
            "\x1",
            ^~~~~

cbits/md2.c:58:2:
     warning: initializing 'uint8_t *' (aka 'unsigned char *') with an expression of type 'char [3]' converts between pointers to integer types with different sign [-Wpointer-sign]
            "\x2\x2",
            ^~~~~~~~

cbits/md2.c:59:2:
     warning: initializing 'uint8_t *' (aka 'unsigned char *') with an expression of type 'char [4]' converts between pointers to integer types with different sign [-Wpointer-sign]
            "\x3\x3\x3",
            ^~~~~~~~~~~

cbits/md2.c:60:2:
     warning: initializing 'uint8_t *' (aka 'unsigned char *') with an expression of type 'char [5]' converts between pointers to integer types with different sign [-Wpointer-sign]
            "\x4\x4\x4\x4",
            ^~~~~~~~~~~~~~

cbits/md2.c:61:2:
     warning: initializing 'uint8_t *' (aka 'unsigned char *') with an expression of type 'char [6]' converts between pointers to integer types with different sign [-Wpointer-sign]
            "\x5\x5\x5\x5\x5",
            ^~~~~~~~~~~~~~~~~

cbits/md2.c:62:2:
     warning: initializing 'uint8_t *' (aka 'unsigned char *') with an expression of type 'char [7]' converts between pointers to integer types with different sign [-Wpointer-sign]
            "\x6\x6\x6\x6\x6\x6",
            ^~~~~~~~~~~~~~~~~~~~

cbits/md2.c:63:2:
     warning: initializing 'uint8_t *' (aka 'unsigned char *') with an expression of type 'char [8]' converts between pointers to integer types with different sign [-Wpointer-sign]
            "\x7\x7\x7\x7\x7\x7\x7",
            ^~~~~~~~~~~~~~~~~~~~~~~

cbits/md2.c:64:2:
     warning: initializing 'uint8_t *' (aka 'unsigned char *') with an expression of type 'char [9]' converts between pointers to integer types with different sign [-Wpointer-sign]
            "\x8\x8\x8\x8\x8\x8\x8\x8",
            ^~~~~~~~~~~~~~~~~~~~~~~~~~

cbits/md2.c:65:2:
     warning: initializing 'uint8_t *' (aka 'unsigned char *') with an expression of type 'char [10]' converts between pointers to integer types with different sign [-Wpointer-sign]
            "\x9\x9\x9\x9\x9\x9\x9\x9\x9",
            ^~~~~~~~~~~~~~~~~~~~~~~~~~~~~

cbits/md2.c:66:2:
     warning: initializing 'uint8_t *' (aka 'unsigned char *') with an expression of type 'char [11]' converts between pointers to integer types with different sign [-Wpointer-sign]
            "\xa\xa\xa\xa\xa\xa\xa\xa\xa\xa",
            ^~~~~~~~~~~~~~~~~~~~~~~~~~~~~~~~

cbits/md2.c:67:2:
     warning: initializing 'uint8_t *' (aka 'unsigned char *') with an expression of type 'char [12]' converts between pointers to integer types with different sign [-Wpointer-sign]
            "\xb\xb\xb\xb\xb\xb\xb\xb\xb\xb\xb",
            ^~~~~~~~~~~~~~~~~~~~~~~~~~~~~~~~~~~

cbits/md2.c:68:2:
     warning: initializing 'uint8_t *' (aka 'unsigned char *') with an expression of type 'char [13]' converts between pointers to integer types with different sign [-Wpointer-sign]
            "\xc\xc\xc\xc\xc\xc\xc\xc\xc\xc\xc\xc",
            ^~~~~~~~~~~~~~~~~~~~~~~~~~~~~~~~~~~~~~

cbits/md2.c:69:2:
     warning: initializing 'uint8_t *' (aka 'unsigned char *') with an expression of type 'char [14]' converts between pointers to integer types with different sign [-Wpointer-sign]
            "\xd\xd\xd\xd\xd\xd\xd\xd\xd\xd\xd\xd\xd",
            ^~~~~~~~~~~~~~~~~~~~~~~~~~~~~~~~~~~~~~~~~

cbits/md2.c:70:2:
     warning: initializing 'uint8_t *' (aka 'unsigned char *') with an expression of type 'char [15]' converts between pointers to integer types with different sign [-Wpointer-sign]
            "\xe\xe\xe\xe\xe\xe\xe\xe\xe\xe\xe\xe\xe\xe",
            ^~~~~~~~~~~~~~~~~~~~~~~~~~~~~~~~~~~~~~~~~~~~

cbits/md2.c:71:2:
     warning: initializing 'uint8_t *' (aka 'unsigned char *') with an expression of type 'char [16]' converts between pointers to integer types with different sign [-Wpointer-sign]
            "\xf\xf\xf\xf\xf\xf\xf\xf\xf\xf\xf\xf\xf\xf\xf",
            ^~~~~~~~~~~~~~~~~~~~~~~~~~~~~~~~~~~~~~~~~~~~~~~

cbits/md2.c:72:2:
     warning: initializing 'uint8_t *' (aka 'unsigned char *') with an expression of type 'char [17]' converts between pointers to integer types with different sign [-Wpointer-sign]
            "\x10\x10\x10\x10\x10\x10\x10\x10\x10\x10\x10\x10\x10\x10\x10\x10"
            ^~~~~~~~~~~~~~~~~~~~~~~~~~~~~~~~~~~~~~~~~~~~~~~~~~~~~~~~~~~~~~~~~~
17 warnings generated.

cbits/md2.c:56:2:
     warning: initializing 'uint8_t *' (aka 'unsigned char *') with an expression of type 'char [1]' converts between pointers to integer types with different sign [-Wpointer-sign]
            "",
            ^~

cbits/md2.c:57:2:
     warning: initializing 'uint8_t *' (aka 'unsigned char *') with an expression of type 'char [2]' converts between pointers to integer types with different sign [-Wpointer-sign]
            "\x1",
            ^~~~~

cbits/md2.c:58:2:
     warning: initializing 'uint8_t *' (aka 'unsigned char *') with an expression of type 'char [3]' converts between pointers to integer types with different sign [-Wpointer-sign]
            "\x2\x2",
            ^~~~~~~~

cbits/md2.c:59:2:
     warning: initializing 'uint8_t *' (aka 'unsigned char *') with an expression of type 'char [4]' converts between pointers to integer types with different sign [-Wpointer-sign]
            "\x3\x3\x3",
            ^~~~~~~~~~~

cbits/md2.c:60:2:
     warning: initializing 'uint8_t *' (aka 'unsigned char *') with an expression of type 'char [5]' converts between pointers to integer types with different sign [-Wpointer-sign]
            "\x4\x4\x4\x4",
            ^~~~~~~~~~~~~~

cbits/md2.c:61:2:
     warning: initializing 'uint8_t *' (aka 'unsigned char *') with an expression of type 'char [6]' converts between pointers to integer types with different sign [-Wpointer-sign]
            "\x5\x5\x5\x5\x5",
            ^~~~~~~~~~~~~~~~~

cbits/md2.c:62:2:
     warning: initializing 'uint8_t *' (aka 'unsigned char *') with an expression of type 'char [7]' converts between pointers to integer types with different sign [-Wpointer-sign]
            "\x6\x6\x6\x6\x6\x6",
            ^~~~~~~~~~~~~~~~~~~~

cbits/md2.c:63:2:
     warning: initializing 'uint8_t *' (aka 'unsigned char *') with an expression of type 'char [8]' converts between pointers to integer types with different sign [-Wpointer-sign]
            "\x7\x7\x7\x7\x7\x7\x7",
            ^~~~~~~~~~~~~~~~~~~~~~~

cbits/md2.c:64:2:
     warning: initializing 'uint8_t *' (aka 'unsigned char *') with an expression of type 'char [9]' converts between pointers to integer types with different sign [-Wpointer-sign]
            "\x8\x8\x8\x8\x8\x8\x8\x8",
            ^~~~~~~~~~~~~~~~~~~~~~~~~~

cbits/md2.c:65:2:
     warning: initializing 'uint8_t *' (aka 'unsigned char *') with an expression of type 'char [10]' converts between pointers to integer types with different sign [-Wpointer-sign]
            "\x9\x9\x9\x9\x9\x9\x9\x9\x9",
            ^~~~~~~~~~~~~~~~~~~~~~~~~~~~~

cbits/md2.c:66:2:
     warning: initializing 'uint8_t *' (aka 'unsigned char *') with an expression of type 'char [11]' converts between pointers to integer types with different sign [-Wpointer-sign]
            "\xa\xa\xa\xa\xa\xa\xa\xa\xa\xa",
            ^~~~~~~~~~~~~~~~~~~~~~~~~~~~~~~~

cbits/md2.c:67:2:
     warning: initializing 'uint8_t *' (aka 'unsigned char *') with an expression of type 'char [12]' converts between pointers to integer types with different sign [-Wpointer-sign]
            "\xb\xb\xb\xb\xb\xb\xb\xb\xb\xb\xb",
            ^~~~~~~~~~~~~~~~~~~~~~~~~~~~~~~~~~~

cbits/md2.c:68:2:
     warning: initializing 'uint8_t *' (aka 'unsigned char *') with an expression of type 'char [13]' converts between pointers to integer types with different sign [-Wpointer-sign]
            "\xc\xc\xc\xc\xc\xc\xc\xc\xc\xc\xc\xc",
            ^~~~~~~~~~~~~~~~~~~~~~~~~~~~~~~~~~~~~~

cbits/md2.c:69:2:
     warning: initializing 'uint8_t *' (aka 'unsigned char *') with an expression of type 'char [14]' converts between pointers to integer types with different sign [-Wpointer-sign]
            "\xd\xd\xd\xd\xd\xd\xd\xd\xd\xd\xd\xd\xd",
            ^~~~~~~~~~~~~~~~~~~~~~~~~~~~~~~~~~~~~~~~~

cbits/md2.c:70:2:
     warning: initializing 'uint8_t *' (aka 'unsigned char *') with an expression of type 'char [15]' converts between pointers to integer types with different sign [-Wpointer-sign]
            "\xe\xe\xe\xe\xe\xe\xe\xe\xe\xe\xe\xe\xe\xe",
            ^~~~~~~~~~~~~~~~~~~~~~~~~~~~~~~~~~~~~~~~~~~~

cbits/md2.c:71:2:
     warning: initializing 'uint8_t *' (aka 'unsigned char *') with an expression of type 'char [16]' converts between pointers to integer types with different sign [-Wpointer-sign]
            "\xf\xf\xf\xf\xf\xf\xf\xf\xf\xf\xf\xf\xf\xf\xf",
            ^~~~~~~~~~~~~~~~~~~~~~~~~~~~~~~~~~~~~~~~~~~~~~~

cbits/md2.c:72:2:
     warning: initializing 'uint8_t *' (aka 'unsigned char *') with an expression of type 'char [17]' converts between pointers to integer types with different sign [-Wpointer-sign]
            "\x10\x10\x10\x10\x10\x10\x10\x10\x10\x10\x10\x10\x10\x10\x10\x10"
            ^~~~~~~~~~~~~~~~~~~~~~~~~~~~~~~~~~~~~~~~~~~~~~~~~~~~~~~~~~~~~~~~~~
17 warnings generated.
In-place registering cryptohash-0.11.6...
Installing library in
/Users/libby/.stack/snapshots/x86_64-osx/nightly-2015-09-17/7.10.2/lib/x86_64-osx-ghc-7.10.2/cryptohash-0.11.6-5epyAhdyCoGIBkp2icUC24
Registering cryptohash-0.11.6...
