Configuring fn-0.1.0.0...
Warning: 'license: ISC' is not a recognised license. The known licenses are:
GPL, GPL-2, GPL-3, LGPL, LGPL-2.1, LGPL-3, AGPL, AGPL-3, BSD3, MIT, Apache,
Apache-2.0, PublicDomain, AllRightsReserved, OtherLicense
Building fn-0.1.0.0...
Preprocessing library fn-0.1.0.0...
[1 of 1] Compiling Web.Fn           ( src/Web/Fn.hs, .stack-work/dist/x86_64-osx/Cabal-1.18.1.5/build/Web/Fn.o )

src/Web/Fn.hs:76:34:
    Not in scope: ‘<$>’
    Perhaps you meant ‘<>’ (imported from Data.Monoid)

src/Web/Fn.hs:225:41:
    Not in scope: ‘<$>’
    Perhaps you meant ‘<>’ (imported from Data.Monoid)

src/Web/Fn.hs:242:42:
    Not in scope: ‘<$>’
    Perhaps you meant ‘<>’ (imported from Data.Monoid)

src/Web/Fn.hs:255:42:
    Not in scope: ‘<$>’
    Perhaps you meant ‘<>’ (imported from Data.Monoid)

src/Web/Fn.hs:294:27:
    Not in scope: ‘<$>’
    Perhaps you meant ‘<>’ (imported from Data.Monoid)

src/Web/Fn.hs:300:27:
    Not in scope: ‘<$>’
    Perhaps you meant ‘<>’ (imported from Data.Monoid)
