
/var/folders/qr/sg1fbycs14x_18lb4n6gd0_w0000gn/T/stack51089/system-filepath-0.4.13.4/Setup.hs:7:1: Warning:
    Tab character

/var/folders/qr/sg1fbycs14x_18lb4n6gd0_w0000gn/T/stack51089/system-filepath-0.4.13.4/Setup.hs:8:1: Warning:
    Tab character

/var/folders/qr/sg1fbycs14x_18lb4n6gd0_w0000gn/T/stack51089/system-filepath-0.4.13.4/Setup.hs:9:1: Warning:
    Tab character

/var/folders/qr/sg1fbycs14x_18lb4n6gd0_w0000gn/T/stack51089/system-filepath-0.4.13.4/Setup.hs:10:1: Warning:
    Tab character

/var/folders/qr/sg1fbycs14x_18lb4n6gd0_w0000gn/T/stack51089/system-filepath-0.4.13.4/Setup.hs:11:1: Warning:
    Tab character

/var/folders/qr/sg1fbycs14x_18lb4n6gd0_w0000gn/T/stack51089/system-filepath-0.4.13.4/Setup.hs:12:1: Warning:
    Tab character
Configuring system-filepath-0.4.13.4...

/var/folders/qr/sg1fbycs14x_18lb4n6gd0_w0000gn/T/stack51089/system-filepath-0.4.13.4/Setup.hs:7:1: Warning:
    Tab character

/var/folders/qr/sg1fbycs14x_18lb4n6gd0_w0000gn/T/stack51089/system-filepath-0.4.13.4/Setup.hs:8:1: Warning:
    Tab character

/var/folders/qr/sg1fbycs14x_18lb4n6gd0_w0000gn/T/stack51089/system-filepath-0.4.13.4/Setup.hs:9:1: Warning:
    Tab character

/var/folders/qr/sg1fbycs14x_18lb4n6gd0_w0000gn/T/stack51089/system-filepath-0.4.13.4/Setup.hs:10:1: Warning:
    Tab character

/var/folders/qr/sg1fbycs14x_18lb4n6gd0_w0000gn/T/stack51089/system-filepath-0.4.13.4/Setup.hs:11:1: Warning:
    Tab character

/var/folders/qr/sg1fbycs14x_18lb4n6gd0_w0000gn/T/stack51089/system-filepath-0.4.13.4/Setup.hs:12:1: Warning:
    Tab character
Building system-filepath-0.4.13.4...
Preprocessing library system-filepath-0.4.13.4...
[1 of 4] Compiling Filesystem.Path.Internal ( lib/Filesystem/Path/Internal.hs, .stack-work/dist/x86_64-osx/Cabal-1.22.4.0/build/Filesystem/Path/Internal.o )

lib/Filesystem/Path/Internal.hs:17:1: Warning:
    The qualified import of ‘Control.Exception’ is redundant
      except perhaps to import instances from ‘Control.Exception’
    To import instances alone, use: import Control.Exception()

lib/Filesystem/Path/Internal.hs:26:1: Warning:
    The import of ‘Data.Text.Encoding.Error’ is redundant
      except perhaps to import instances from ‘Data.Text.Encoding.Error’
    To import instances alone, use: import Data.Text.Encoding.Error()

lib/Filesystem/Path/Internal.hs:39:1: Warning: Tab character

lib/Filesystem/Path/Internal.hs:40:1: Warning: Tab character

lib/Filesystem/Path/Internal.hs:41:1: Warning: Tab character

lib/Filesystem/Path/Internal.hs:42:1: Warning: Tab character

lib/Filesystem/Path/Internal.hs:43:1: Warning: Tab character

lib/Filesystem/Path/Internal.hs:44:1: Warning: Tab character

lib/Filesystem/Path/Internal.hs:47:1: Warning: Tab character

lib/Filesystem/Path/Internal.hs:48:1: Warning: Tab character

lib/Filesystem/Path/Internal.hs:49:1: Warning: Tab character

lib/Filesystem/Path/Internal.hs:50:1: Warning: Tab character

lib/Filesystem/Path/Internal.hs:51:1: Warning: Tab character

lib/Filesystem/Path/Internal.hs:52:1: Warning: Tab character

lib/Filesystem/Path/Internal.hs:55:1: Warning: Tab character

lib/Filesystem/Path/Internal.hs:58:1: Warning: Tab character

lib/Filesystem/Path/Internal.hs:59:1: Warning: Tab character

lib/Filesystem/Path/Internal.hs:60:1: Warning: Tab character

lib/Filesystem/Path/Internal.hs:61:1: Warning: Tab character

lib/Filesystem/Path/Internal.hs:62:1: Warning: Tab character

lib/Filesystem/Path/Internal.hs:63:1: Warning: Tab character

lib/Filesystem/Path/Internal.hs:66:1: Warning: Tab character

lib/Filesystem/Path/Internal.hs:67:1: Warning: Tab character

lib/Filesystem/Path/Internal.hs:68:1: Warning: Tab character

lib/Filesystem/Path/Internal.hs:71:1: Warning: Tab character

lib/Filesystem/Path/Internal.hs:85:1: Warning: Tab character

lib/Filesystem/Path/Internal.hs:86:1: Warning: Tab character

lib/Filesystem/Path/Internal.hs:87:1: Warning: Tab character

lib/Filesystem/Path/Internal.hs:88:1: Warning: Tab character

lib/Filesystem/Path/Internal.hs:92:1: Warning: Tab character

lib/Filesystem/Path/Internal.hs:93:1: Warning: Tab character

lib/Filesystem/Path/Internal.hs:94:1: Warning: Tab character

lib/Filesystem/Path/Internal.hs:95:1: Warning: Tab character

lib/Filesystem/Path/Internal.hs:96:1: Warning: Tab character

lib/Filesystem/Path/Internal.hs:97:1: Warning: Tab character

lib/Filesystem/Path/Internal.hs:98:1: Warning: Tab character

lib/Filesystem/Path/Internal.hs:121:1: Warning: Tab character

lib/Filesystem/Path/Internal.hs:122:1: Warning: Tab character

lib/Filesystem/Path/Internal.hs:123:1: Warning: Tab character

lib/Filesystem/Path/Internal.hs:124:1: Warning: Tab character

lib/Filesystem/Path/Internal.hs:125:1: Warning: Tab character

lib/Filesystem/Path/Internal.hs:126:1: Warning: Tab character

lib/Filesystem/Path/Internal.hs:127:1: Warning: Tab character

lib/Filesystem/Path/Internal.hs:128:1: Warning: Tab character

lib/Filesystem/Path/Internal.hs:129:1: Warning: Tab character

lib/Filesystem/Path/Internal.hs:130:1: Warning: Tab character

lib/Filesystem/Path/Internal.hs:131:1: Warning: Tab character

lib/Filesystem/Path/Internal.hs:132:1: Warning: Tab character

lib/Filesystem/Path/Internal.hs:133:1: Warning: Tab character

lib/Filesystem/Path/Internal.hs:134:1: Warning: Tab character

lib/Filesystem/Path/Internal.hs:135:1: Warning: Tab character

lib/Filesystem/Path/Internal.hs:136:1: Warning: Tab character

lib/Filesystem/Path/Internal.hs:137:1: Warning: Tab character

lib/Filesystem/Path/Internal.hs:138:1: Warning: Tab character

lib/Filesystem/Path/Internal.hs:139:1: Warning: Tab character

lib/Filesystem/Path/Internal.hs:140:1: Warning: Tab character

lib/Filesystem/Path/Internal.hs:141:1: Warning: Tab character

lib/Filesystem/Path/Internal.hs:142:1: Warning: Tab character

lib/Filesystem/Path/Internal.hs:143:1: Warning: Tab character

lib/Filesystem/Path/Internal.hs:144:1: Warning: Tab character

lib/Filesystem/Path/Internal.hs:145:1: Warning: Tab character

lib/Filesystem/Path/Internal.hs:146:1: Warning: Tab character

lib/Filesystem/Path/Internal.hs:147:1: Warning: Tab character

lib/Filesystem/Path/Internal.hs:148:1: Warning: Tab character

lib/Filesystem/Path/Internal.hs:149:1: Warning: Tab character

lib/Filesystem/Path/Internal.hs:150:1: Warning: Tab character

lib/Filesystem/Path/Internal.hs:151:1: Warning: Tab character

lib/Filesystem/Path/Internal.hs:152:1: Warning: Tab character

lib/Filesystem/Path/Internal.hs:153:1: Warning: Tab character

lib/Filesystem/Path/Internal.hs:154:1: Warning: Tab character

lib/Filesystem/Path/Internal.hs:155:1: Warning: Tab character

lib/Filesystem/Path/Internal.hs:156:1: Warning: Tab character

lib/Filesystem/Path/Internal.hs:157:1: Warning: Tab character

lib/Filesystem/Path/Internal.hs:158:1: Warning: Tab character

lib/Filesystem/Path/Internal.hs:159:1: Warning: Tab character

lib/Filesystem/Path/Internal.hs:160:1: Warning: Tab character

lib/Filesystem/Path/Internal.hs:161:1: Warning: Tab character

lib/Filesystem/Path/Internal.hs:162:1: Warning: Tab character

lib/Filesystem/Path/Internal.hs:163:1: Warning: Tab character

lib/Filesystem/Path/Internal.hs:164:1: Warning: Tab character

lib/Filesystem/Path/Internal.hs:165:1: Warning: Tab character

lib/Filesystem/Path/Internal.hs:166:1: Warning: Tab character

lib/Filesystem/Path/Internal.hs:167:1: Warning: Tab character

lib/Filesystem/Path/Internal.hs:168:1: Warning: Tab character

lib/Filesystem/Path/Internal.hs:169:1: Warning: Tab character

lib/Filesystem/Path/Internal.hs:170:1: Warning: Tab character

lib/Filesystem/Path/Internal.hs:171:1: Warning: Tab character

lib/Filesystem/Path/Internal.hs:172:1: Warning: Tab character

lib/Filesystem/Path/Internal.hs:173:1: Warning: Tab character

lib/Filesystem/Path/Internal.hs:174:1: Warning: Tab character

lib/Filesystem/Path/Internal.hs:175:1: Warning: Tab character

lib/Filesystem/Path/Internal.hs:177:1: Warning: Tab character

lib/Filesystem/Path/Internal.hs:178:1: Warning: Tab character

lib/Filesystem/Path/Internal.hs:179:1: Warning: Tab character

lib/Filesystem/Path/Internal.hs:180:1: Warning: Tab character

lib/Filesystem/Path/Internal.hs:181:1: Warning: Tab character

lib/Filesystem/Path/Internal.hs:182:1: Warning: Tab character

lib/Filesystem/Path/Internal.hs:183:1: Warning: Tab character

lib/Filesystem/Path/Internal.hs:184:1: Warning: Tab character

lib/Filesystem/Path/Internal.hs:185:1: Warning: Tab character

lib/Filesystem/Path/Internal.hs:187:1: Warning: Tab character

lib/Filesystem/Path/Internal.hs:188:1: Warning: Tab character

lib/Filesystem/Path/Internal.hs:189:1: Warning: Tab character

lib/Filesystem/Path/Internal.hs:190:1: Warning: Tab character

lib/Filesystem/Path/Internal.hs:191:1: Warning: Tab character

lib/Filesystem/Path/Internal.hs:192:1: Warning: Tab character

lib/Filesystem/Path/Internal.hs:193:1: Warning: Tab character

lib/Filesystem/Path/Internal.hs:194:1: Warning: Tab character

lib/Filesystem/Path/Internal.hs:195:1: Warning: Tab character

lib/Filesystem/Path/Internal.hs:196:1: Warning: Tab character

lib/Filesystem/Path/Internal.hs:197:1: Warning: Tab character

lib/Filesystem/Path/Internal.hs:198:1: Warning: Tab character

lib/Filesystem/Path/Internal.hs:199:1: Warning: Tab character

lib/Filesystem/Path/Internal.hs:200:1: Warning: Tab character

lib/Filesystem/Path/Internal.hs:201:1: Warning: Tab character

lib/Filesystem/Path/Internal.hs:202:1: Warning: Tab character

lib/Filesystem/Path/Internal.hs:203:1: Warning: Tab character

lib/Filesystem/Path/Internal.hs:204:1: Warning: Tab character

lib/Filesystem/Path/Internal.hs:205:1: Warning: Tab character

lib/Filesystem/Path/Internal.hs:206:1: Warning: Tab character

lib/Filesystem/Path/Internal.hs:207:1: Warning: Tab character

lib/Filesystem/Path/Internal.hs:210:1: Warning: Tab character

lib/Filesystem/Path/Internal.hs:211:1: Warning: Tab character

lib/Filesystem/Path/Internal.hs:218:1: Warning: Tab character

lib/Filesystem/Path/Internal.hs:219:1: Warning: Tab character

lib/Filesystem/Path/Internal.hs:220:1: Warning: Tab character

lib/Filesystem/Path/Internal.hs:221:1: Warning: Tab character

lib/Filesystem/Path/Internal.hs:228:1: Warning: Tab character

lib/Filesystem/Path/Internal.hs:229:1: Warning: Tab character

lib/Filesystem/Path/Internal.hs:230:1: Warning: Tab character

lib/Filesystem/Path/Internal.hs:231:1: Warning: Tab character

lib/Filesystem/Path/Internal.hs:235:1: Warning: Tab character

lib/Filesystem/Path/Internal.hs:236:1: Warning: Tab character

lib/Filesystem/Path/Internal.hs:237:1: Warning: Tab character

lib/Filesystem/Path/Internal.hs:238:1: Warning: Tab character

lib/Filesystem/Path/Internal.hs:249:1: Warning: Tab character

lib/Filesystem/Path/Internal.hs:250:1: Warning: Tab character

lib/Filesystem/Path/Internal.hs:251:1: Warning: Tab character

lib/Filesystem/Path/Internal.hs:252:1: Warning: Tab character

lib/Filesystem/Path/Internal.hs:253:1: Warning: Tab character

lib/Filesystem/Path/Internal.hs:254:1: Warning: Tab character

lib/Filesystem/Path/Internal.hs:255:1: Warning: Tab character

lib/Filesystem/Path/Internal.hs:256:1: Warning: Tab character

lib/Filesystem/Path/Internal.hs:257:1: Warning: Tab character

lib/Filesystem/Path/Internal.hs:261:1: Warning: Tab character

lib/Filesystem/Path/Internal.hs:262:1: Warning: Tab character
[2 of 4] Compiling Filesystem.Path  ( lib/Filesystem/Path.hs, .stack-work/dist/x86_64-osx/Cabal-1.22.4.0/build/Filesystem/Path.o )

lib/Filesystem/Path.hs:17:1: Warning: Tab character

lib/Filesystem/Path.hs:18:1: Warning: Tab character

lib/Filesystem/Path.hs:19:1: Warning: Tab character

lib/Filesystem/Path.hs:20:1: Warning: Tab character

lib/Filesystem/Path.hs:21:1: Warning: Tab character

lib/Filesystem/Path.hs:22:1: Warning: Tab character

lib/Filesystem/Path.hs:23:1: Warning: Tab character

lib/Filesystem/Path.hs:24:1: Warning: Tab character

lib/Filesystem/Path.hs:25:1: Warning: Tab character

lib/Filesystem/Path.hs:26:1: Warning: Tab character

lib/Filesystem/Path.hs:27:1: Warning: Tab character

lib/Filesystem/Path.hs:28:1: Warning: Tab character

lib/Filesystem/Path.hs:29:1: Warning: Tab character

lib/Filesystem/Path.hs:30:1: Warning: Tab character

lib/Filesystem/Path.hs:31:1: Warning: Tab character

lib/Filesystem/Path.hs:32:1: Warning: Tab character

lib/Filesystem/Path.hs:33:1: Warning: Tab character

lib/Filesystem/Path.hs:34:1: Warning: Tab character

lib/Filesystem/Path.hs:35:1: Warning: Tab character

lib/Filesystem/Path.hs:36:1: Warning: Tab character

lib/Filesystem/Path.hs:37:1: Warning: Tab character

lib/Filesystem/Path.hs:38:1: Warning: Tab character

lib/Filesystem/Path.hs:39:1: Warning: Tab character

lib/Filesystem/Path.hs:40:1: Warning: Tab character

lib/Filesystem/Path.hs:41:1: Warning: Tab character

lib/Filesystem/Path.hs:42:1: Warning: Tab character

lib/Filesystem/Path.hs:43:1: Warning: Tab character

lib/Filesystem/Path.hs:44:1: Warning: Tab character

lib/Filesystem/Path.hs:45:1: Warning: Tab character

lib/Filesystem/Path.hs:46:1: Warning: Tab character

lib/Filesystem/Path.hs:47:1: Warning: Tab character

lib/Filesystem/Path.hs:48:1: Warning: Tab character

lib/Filesystem/Path.hs:49:1: Warning: Tab character

lib/Filesystem/Path.hs:50:1: Warning: Tab character

lib/Filesystem/Path.hs:51:1: Warning: Tab character

lib/Filesystem/Path.hs:52:1: Warning: Tab character

lib/Filesystem/Path.hs:53:1: Warning: Tab character

lib/Filesystem/Path.hs:54:1: Warning: Tab character

lib/Filesystem/Path.hs:55:1: Warning: Tab character

lib/Filesystem/Path.hs:56:1: Warning: Tab character

lib/Filesystem/Path.hs:69:1: Warning: Tab character

lib/Filesystem/Path.hs:70:1: Warning: Tab character

lib/Filesystem/Path.hs:71:1: Warning: Tab character

lib/Filesystem/Path.hs:89:1: Warning: Tab character

lib/Filesystem/Path.hs:90:1: Warning: Tab character

lib/Filesystem/Path.hs:91:1: Warning: Tab character

lib/Filesystem/Path.hs:92:1: Warning: Tab character

lib/Filesystem/Path.hs:93:1: Warning: Tab character

lib/Filesystem/Path.hs:94:1: Warning: Tab character

lib/Filesystem/Path.hs:95:1: Warning: Tab character

lib/Filesystem/Path.hs:100:1: Warning: Tab character

lib/Filesystem/Path.hs:101:1: Warning: Tab character

lib/Filesystem/Path.hs:102:1: Warning: Tab character

lib/Filesystem/Path.hs:103:1: Warning: Tab character

lib/Filesystem/Path.hs:104:1: Warning: Tab character

lib/Filesystem/Path.hs:105:1: Warning: Tab character

lib/Filesystem/Path.hs:106:1: Warning: Tab character

lib/Filesystem/Path.hs:107:1: Warning: Tab character

lib/Filesystem/Path.hs:108:1: Warning: Tab character

lib/Filesystem/Path.hs:109:1: Warning: Tab character

lib/Filesystem/Path.hs:110:1: Warning: Tab character

lib/Filesystem/Path.hs:111:1: Warning: Tab character

lib/Filesystem/Path.hs:120:1: Warning: Tab character

lib/Filesystem/Path.hs:121:1: Warning: Tab character

lib/Filesystem/Path.hs:122:1: Warning: Tab character

lib/Filesystem/Path.hs:135:1: Warning: Tab character

lib/Filesystem/Path.hs:136:1: Warning: Tab character

lib/Filesystem/Path.hs:137:1: Warning: Tab character

lib/Filesystem/Path.hs:146:1: Warning: Tab character

lib/Filesystem/Path.hs:147:1: Warning: Tab character

lib/Filesystem/Path.hs:152:1: Warning: Tab character

lib/Filesystem/Path.hs:153:1: Warning: Tab character

lib/Filesystem/Path.hs:154:1: Warning: Tab character

lib/Filesystem/Path.hs:155:1: Warning: Tab character

lib/Filesystem/Path.hs:156:1: Warning: Tab character

lib/Filesystem/Path.hs:157:1: Warning: Tab character

lib/Filesystem/Path.hs:162:1: Warning: Tab character

lib/Filesystem/Path.hs:163:1: Warning: Tab character

lib/Filesystem/Path.hs:173:1: Warning: Tab character

lib/Filesystem/Path.hs:174:1: Warning: Tab character

lib/Filesystem/Path.hs:175:1: Warning: Tab character

lib/Filesystem/Path.hs:176:1: Warning: Tab character

lib/Filesystem/Path.hs:177:1: Warning: Tab character

lib/Filesystem/Path.hs:178:1: Warning: Tab character

lib/Filesystem/Path.hs:179:1: Warning: Tab character

lib/Filesystem/Path.hs:180:1: Warning: Tab character

lib/Filesystem/Path.hs:181:1: Warning: Tab character

lib/Filesystem/Path.hs:182:1: Warning: Tab character

lib/Filesystem/Path.hs:183:1: Warning: Tab character

lib/Filesystem/Path.hs:184:1: Warning: Tab character

lib/Filesystem/Path.hs:185:1: Warning: Tab character

lib/Filesystem/Path.hs:186:1: Warning: Tab character

lib/Filesystem/Path.hs:187:1: Warning: Tab character

lib/Filesystem/Path.hs:188:1: Warning: Tab character

lib/Filesystem/Path.hs:189:1: Warning: Tab character

lib/Filesystem/Path.hs:204:1: Warning: Tab character

lib/Filesystem/Path.hs:205:1: Warning: Tab character

lib/Filesystem/Path.hs:206:1: Warning: Tab character

lib/Filesystem/Path.hs:207:1: Warning: Tab character

lib/Filesystem/Path.hs:208:1: Warning: Tab character

lib/Filesystem/Path.hs:209:1: Warning: Tab character

lib/Filesystem/Path.hs:210:1: Warning: Tab character

lib/Filesystem/Path.hs:211:1: Warning: Tab character

lib/Filesystem/Path.hs:212:1: Warning: Tab character

lib/Filesystem/Path.hs:213:1: Warning: Tab character

lib/Filesystem/Path.hs:214:1: Warning: Tab character

lib/Filesystem/Path.hs:215:1: Warning: Tab character

lib/Filesystem/Path.hs:216:1: Warning: Tab character

lib/Filesystem/Path.hs:217:1: Warning: Tab character

lib/Filesystem/Path.hs:218:1: Warning: Tab character

lib/Filesystem/Path.hs:219:1: Warning: Tab character

lib/Filesystem/Path.hs:240:1: Warning: Tab character

lib/Filesystem/Path.hs:241:1: Warning: Tab character

lib/Filesystem/Path.hs:242:1: Warning: Tab character

lib/Filesystem/Path.hs:243:1: Warning: Tab character

lib/Filesystem/Path.hs:244:1: Warning: Tab character

lib/Filesystem/Path.hs:245:1: Warning: Tab character

lib/Filesystem/Path.hs:246:1: Warning: Tab character

lib/Filesystem/Path.hs:247:1: Warning: Tab character

lib/Filesystem/Path.hs:248:1: Warning: Tab character

lib/Filesystem/Path.hs:249:1: Warning: Tab character

lib/Filesystem/Path.hs:250:1: Warning: Tab character

lib/Filesystem/Path.hs:251:1: Warning: Tab character

lib/Filesystem/Path.hs:252:1: Warning: Tab character

lib/Filesystem/Path.hs:253:1: Warning: Tab character

lib/Filesystem/Path.hs:254:1: Warning: Tab character

lib/Filesystem/Path.hs:255:1: Warning: Tab character

lib/Filesystem/Path.hs:256:1: Warning: Tab character

lib/Filesystem/Path.hs:257:1: Warning: Tab character

lib/Filesystem/Path.hs:258:1: Warning: Tab character

lib/Filesystem/Path.hs:259:1: Warning: Tab character

lib/Filesystem/Path.hs:265:1: Warning: Tab character

lib/Filesystem/Path.hs:266:1: Warning: Tab character

lib/Filesystem/Path.hs:283:1: Warning: Tab character

lib/Filesystem/Path.hs:284:1: Warning: Tab character

lib/Filesystem/Path.hs:285:1: Warning: Tab character

lib/Filesystem/Path.hs:286:1: Warning: Tab character

lib/Filesystem/Path.hs:287:1: Warning: Tab character

lib/Filesystem/Path.hs:288:1: Warning: Tab character

lib/Filesystem/Path.hs:289:1: Warning: Tab character

lib/Filesystem/Path.hs:290:1: Warning: Tab character

lib/Filesystem/Path.hs:291:1: Warning: Tab character

lib/Filesystem/Path.hs:292:1: Warning: Tab character

lib/Filesystem/Path.hs:293:1: Warning: Tab character

lib/Filesystem/Path.hs:294:1: Warning: Tab character

lib/Filesystem/Path.hs:295:1: Warning: Tab character

lib/Filesystem/Path.hs:302:1: Warning: Tab character

lib/Filesystem/Path.hs:303:1: Warning: Tab character

lib/Filesystem/Path.hs:304:1: Warning: Tab character

lib/Filesystem/Path.hs:305:1: Warning: Tab character

lib/Filesystem/Path.hs:306:1: Warning: Tab character

lib/Filesystem/Path.hs:307:1: Warning: Tab character

lib/Filesystem/Path.hs:308:1: Warning: Tab character

lib/Filesystem/Path.hs:318:1: Warning: Tab character

lib/Filesystem/Path.hs:319:1: Warning: Tab character

lib/Filesystem/Path.hs:337:1: Warning: Tab character

lib/Filesystem/Path.hs:374:1: Warning: Tab character

lib/Filesystem/Path.hs:375:1: Warning: Tab character
[3 of 4] Compiling Filesystem.Path.Rules ( lib/Filesystem/Path/Rules.hs, .stack-work/dist/x86_64-osx/Cabal-1.22.4.0/build/Filesystem/Path/Rules.o )

lib/Filesystem/Path/Rules.hs:10:1: Warning: Tab character

lib/Filesystem/Path/Rules.hs:11:1: Warning: Tab character

lib/Filesystem/Path/Rules.hs:12:1: Warning: Tab character

lib/Filesystem/Path/Rules.hs:13:1: Warning: Tab character

lib/Filesystem/Path/Rules.hs:14:1: Warning: Tab character

lib/Filesystem/Path/Rules.hs:15:1: Warning: Tab character

lib/Filesystem/Path/Rules.hs:16:1: Warning: Tab character

lib/Filesystem/Path/Rules.hs:17:1: Warning: Tab character

lib/Filesystem/Path/Rules.hs:18:1: Warning: Tab character

lib/Filesystem/Path/Rules.hs:19:1: Warning: Tab character

lib/Filesystem/Path/Rules.hs:20:1: Warning: Tab character

lib/Filesystem/Path/Rules.hs:21:1: Warning: Tab character

lib/Filesystem/Path/Rules.hs:22:1: Warning: Tab character

lib/Filesystem/Path/Rules.hs:23:1: Warning: Tab character

lib/Filesystem/Path/Rules.hs:24:1: Warning: Tab character

lib/Filesystem/Path/Rules.hs:25:1: Warning: Tab character

lib/Filesystem/Path/Rules.hs:26:1: Warning: Tab character

lib/Filesystem/Path/Rules.hs:27:1: Warning: Tab character

lib/Filesystem/Path/Rules.hs:28:1: Warning: Tab character

lib/Filesystem/Path/Rules.hs:29:1: Warning: Tab character

lib/Filesystem/Path/Rules.hs:30:1: Warning: Tab character

lib/Filesystem/Path/Rules.hs:53:1: Warning: Tab character

lib/Filesystem/Path/Rules.hs:54:1: Warning: Tab character

lib/Filesystem/Path/Rules.hs:55:1: Warning: Tab character

lib/Filesystem/Path/Rules.hs:56:1: Warning: Tab character

lib/Filesystem/Path/Rules.hs:57:1: Warning: Tab character

lib/Filesystem/Path/Rules.hs:58:1: Warning: Tab character

lib/Filesystem/Path/Rules.hs:59:1: Warning: Tab character

lib/Filesystem/Path/Rules.hs:60:1: Warning: Tab character

lib/Filesystem/Path/Rules.hs:61:1: Warning: Tab character

lib/Filesystem/Path/Rules.hs:62:1: Warning: Tab character

lib/Filesystem/Path/Rules.hs:63:1: Warning: Tab character

lib/Filesystem/Path/Rules.hs:73:1: Warning: Tab character

lib/Filesystem/Path/Rules.hs:74:1: Warning: Tab character

lib/Filesystem/Path/Rules.hs:75:1: Warning: Tab character

lib/Filesystem/Path/Rules.hs:76:1: Warning: Tab character

lib/Filesystem/Path/Rules.hs:77:1: Warning: Tab character

lib/Filesystem/Path/Rules.hs:87:1: Warning: Tab character

lib/Filesystem/Path/Rules.hs:88:1: Warning: Tab character

lib/Filesystem/Path/Rules.hs:89:1: Warning: Tab character

lib/Filesystem/Path/Rules.hs:90:1: Warning: Tab character

lib/Filesystem/Path/Rules.hs:91:1: Warning: Tab character

lib/Filesystem/Path/Rules.hs:95:1: Warning: Tab character

lib/Filesystem/Path/Rules.hs:96:1: Warning: Tab character

lib/Filesystem/Path/Rules.hs:97:1: Warning: Tab character

lib/Filesystem/Path/Rules.hs:98:1: Warning: Tab character

lib/Filesystem/Path/Rules.hs:99:1: Warning: Tab character

lib/Filesystem/Path/Rules.hs:103:1: Warning: Tab character

lib/Filesystem/Path/Rules.hs:104:1: Warning: Tab character

lib/Filesystem/Path/Rules.hs:105:1: Warning: Tab character

lib/Filesystem/Path/Rules.hs:106:1: Warning: Tab character

lib/Filesystem/Path/Rules.hs:107:1: Warning: Tab character

lib/Filesystem/Path/Rules.hs:108:1: Warning: Tab character

lib/Filesystem/Path/Rules.hs:109:1: Warning: Tab character

lib/Filesystem/Path/Rules.hs:110:1: Warning: Tab character

lib/Filesystem/Path/Rules.hs:111:1: Warning: Tab character

lib/Filesystem/Path/Rules.hs:112:1: Warning: Tab character

lib/Filesystem/Path/Rules.hs:113:1: Warning: Tab character

lib/Filesystem/Path/Rules.hs:114:1: Warning: Tab character

lib/Filesystem/Path/Rules.hs:115:1: Warning: Tab character

lib/Filesystem/Path/Rules.hs:116:1: Warning: Tab character

lib/Filesystem/Path/Rules.hs:120:1: Warning: Tab character

lib/Filesystem/Path/Rules.hs:121:1: Warning: Tab character

lib/Filesystem/Path/Rules.hs:125:1: Warning: Tab character

lib/Filesystem/Path/Rules.hs:126:1: Warning: Tab character

lib/Filesystem/Path/Rules.hs:127:1: Warning: Tab character

lib/Filesystem/Path/Rules.hs:131:1: Warning: Tab character

lib/Filesystem/Path/Rules.hs:132:1: Warning: Tab character

lib/Filesystem/Path/Rules.hs:133:1: Warning: Tab character

lib/Filesystem/Path/Rules.hs:134:1: Warning: Tab character

lib/Filesystem/Path/Rules.hs:138:1: Warning: Tab character

lib/Filesystem/Path/Rules.hs:139:1: Warning: Tab character

lib/Filesystem/Path/Rules.hs:140:1: Warning: Tab character

lib/Filesystem/Path/Rules.hs:141:1: Warning: Tab character

lib/Filesystem/Path/Rules.hs:142:1: Warning: Tab character

lib/Filesystem/Path/Rules.hs:143:1: Warning: Tab character

lib/Filesystem/Path/Rules.hs:144:1: Warning: Tab character

lib/Filesystem/Path/Rules.hs:148:1: Warning: Tab character

lib/Filesystem/Path/Rules.hs:149:1: Warning: Tab character

lib/Filesystem/Path/Rules.hs:153:1: Warning: Tab character

lib/Filesystem/Path/Rules.hs:154:1: Warning: Tab character

lib/Filesystem/Path/Rules.hs:158:1: Warning: Tab character

lib/Filesystem/Path/Rules.hs:159:1: Warning: Tab character

lib/Filesystem/Path/Rules.hs:163:1: Warning: Tab character

lib/Filesystem/Path/Rules.hs:164:1: Warning: Tab character

lib/Filesystem/Path/Rules.hs:165:1: Warning: Tab character

lib/Filesystem/Path/Rules.hs:166:1: Warning: Tab character

lib/Filesystem/Path/Rules.hs:170:1: Warning: Tab character

lib/Filesystem/Path/Rules.hs:171:1: Warning: Tab character

lib/Filesystem/Path/Rules.hs:175:1: Warning: Tab character

lib/Filesystem/Path/Rules.hs:176:1: Warning: Tab character

lib/Filesystem/Path/Rules.hs:180:1: Warning: Tab character

lib/Filesystem/Path/Rules.hs:181:1: Warning: Tab character

lib/Filesystem/Path/Rules.hs:182:1: Warning: Tab character

lib/Filesystem/Path/Rules.hs:183:1: Warning: Tab character

lib/Filesystem/Path/Rules.hs:184:1: Warning: Tab character

lib/Filesystem/Path/Rules.hs:185:1: Warning: Tab character

lib/Filesystem/Path/Rules.hs:189:1: Warning: Tab character

lib/Filesystem/Path/Rules.hs:193:1: Warning: Tab character

lib/Filesystem/Path/Rules.hs:207:1: Warning: Tab character

lib/Filesystem/Path/Rules.hs:208:1: Warning: Tab character

lib/Filesystem/Path/Rules.hs:209:1: Warning: Tab character

lib/Filesystem/Path/Rules.hs:210:1: Warning: Tab character

lib/Filesystem/Path/Rules.hs:211:1: Warning: Tab character

lib/Filesystem/Path/Rules.hs:212:1: Warning: Tab character

lib/Filesystem/Path/Rules.hs:213:1: Warning: Tab character

lib/Filesystem/Path/Rules.hs:214:1: Warning: Tab character

lib/Filesystem/Path/Rules.hs:215:1: Warning: Tab character

lib/Filesystem/Path/Rules.hs:216:1: Warning: Tab character

lib/Filesystem/Path/Rules.hs:217:1: Warning: Tab character

lib/Filesystem/Path/Rules.hs:227:1: Warning: Tab character

lib/Filesystem/Path/Rules.hs:228:1: Warning: Tab character

lib/Filesystem/Path/Rules.hs:229:1: Warning: Tab character

lib/Filesystem/Path/Rules.hs:230:1: Warning: Tab character

lib/Filesystem/Path/Rules.hs:231:1: Warning: Tab character

lib/Filesystem/Path/Rules.hs:235:1: Warning: Tab character

lib/Filesystem/Path/Rules.hs:236:1: Warning: Tab character

lib/Filesystem/Path/Rules.hs:246:1: Warning: Tab character

lib/Filesystem/Path/Rules.hs:255:1: Warning: Tab character

lib/Filesystem/Path/Rules.hs:256:1: Warning: Tab character

lib/Filesystem/Path/Rules.hs:257:1: Warning: Tab character

lib/Filesystem/Path/Rules.hs:258:1: Warning: Tab character

lib/Filesystem/Path/Rules.hs:259:1: Warning: Tab character

lib/Filesystem/Path/Rules.hs:260:1: Warning: Tab character

lib/Filesystem/Path/Rules.hs:261:1: Warning: Tab character

lib/Filesystem/Path/Rules.hs:262:1: Warning: Tab character

lib/Filesystem/Path/Rules.hs:263:1: Warning: Tab character

lib/Filesystem/Path/Rules.hs:264:1: Warning: Tab character

lib/Filesystem/Path/Rules.hs:265:1: Warning: Tab character

lib/Filesystem/Path/Rules.hs:269:1: Warning: Tab character

lib/Filesystem/Path/Rules.hs:270:1: Warning: Tab character

lib/Filesystem/Path/Rules.hs:274:1: Warning: Tab character

lib/Filesystem/Path/Rules.hs:275:1: Warning: Tab character

lib/Filesystem/Path/Rules.hs:279:1: Warning: Tab character

lib/Filesystem/Path/Rules.hs:280:1: Warning: Tab character

lib/Filesystem/Path/Rules.hs:281:1: Warning: Tab character

lib/Filesystem/Path/Rules.hs:282:1: Warning: Tab character

lib/Filesystem/Path/Rules.hs:286:1: Warning: Tab character

lib/Filesystem/Path/Rules.hs:287:1: Warning: Tab character

lib/Filesystem/Path/Rules.hs:288:1: Warning: Tab character

lib/Filesystem/Path/Rules.hs:289:1: Warning: Tab character

lib/Filesystem/Path/Rules.hs:290:1: Warning: Tab character

lib/Filesystem/Path/Rules.hs:291:1: Warning: Tab character

lib/Filesystem/Path/Rules.hs:292:1: Warning: Tab character

lib/Filesystem/Path/Rules.hs:293:1: Warning: Tab character

lib/Filesystem/Path/Rules.hs:294:1: Warning: Tab character

lib/Filesystem/Path/Rules.hs:295:1: Warning: Tab character

lib/Filesystem/Path/Rules.hs:296:1: Warning: Tab character

lib/Filesystem/Path/Rules.hs:297:1: Warning: Tab character

lib/Filesystem/Path/Rules.hs:298:1: Warning: Tab character

lib/Filesystem/Path/Rules.hs:299:1: Warning: Tab character

lib/Filesystem/Path/Rules.hs:300:1: Warning: Tab character

lib/Filesystem/Path/Rules.hs:301:1: Warning: Tab character

lib/Filesystem/Path/Rules.hs:302:1: Warning: Tab character

lib/Filesystem/Path/Rules.hs:303:1: Warning: Tab character

lib/Filesystem/Path/Rules.hs:304:1: Warning: Tab character

lib/Filesystem/Path/Rules.hs:305:1: Warning: Tab character

lib/Filesystem/Path/Rules.hs:306:1: Warning: Tab character

lib/Filesystem/Path/Rules.hs:307:1: Warning: Tab character

lib/Filesystem/Path/Rules.hs:308:1: Warning: Tab character

lib/Filesystem/Path/Rules.hs:309:1: Warning: Tab character

lib/Filesystem/Path/Rules.hs:310:1: Warning: Tab character

lib/Filesystem/Path/Rules.hs:311:1: Warning: Tab character

lib/Filesystem/Path/Rules.hs:312:1: Warning: Tab character

lib/Filesystem/Path/Rules.hs:313:1: Warning: Tab character

lib/Filesystem/Path/Rules.hs:314:1: Warning: Tab character

lib/Filesystem/Path/Rules.hs:315:1: Warning: Tab character

lib/Filesystem/Path/Rules.hs:316:1: Warning: Tab character

lib/Filesystem/Path/Rules.hs:317:1: Warning: Tab character

lib/Filesystem/Path/Rules.hs:318:1: Warning: Tab character

lib/Filesystem/Path/Rules.hs:319:1: Warning: Tab character

lib/Filesystem/Path/Rules.hs:320:1: Warning: Tab character

lib/Filesystem/Path/Rules.hs:321:1: Warning: Tab character

lib/Filesystem/Path/Rules.hs:322:1: Warning: Tab character

lib/Filesystem/Path/Rules.hs:323:1: Warning: Tab character

lib/Filesystem/Path/Rules.hs:327:1: Warning: Tab character

lib/Filesystem/Path/Rules.hs:328:1: Warning: Tab character

lib/Filesystem/Path/Rules.hs:332:1: Warning: Tab character

lib/Filesystem/Path/Rules.hs:333:1: Warning: Tab character

lib/Filesystem/Path/Rules.hs:334:1: Warning: Tab character

lib/Filesystem/Path/Rules.hs:335:1: Warning: Tab character

lib/Filesystem/Path/Rules.hs:336:1: Warning: Tab character

lib/Filesystem/Path/Rules.hs:337:1: Warning: Tab character

lib/Filesystem/Path/Rules.hs:338:1: Warning: Tab character

lib/Filesystem/Path/Rules.hs:339:1: Warning: Tab character

lib/Filesystem/Path/Rules.hs:340:1: Warning: Tab character

lib/Filesystem/Path/Rules.hs:341:1: Warning: Tab character

lib/Filesystem/Path/Rules.hs:342:1: Warning: Tab character

lib/Filesystem/Path/Rules.hs:346:1: Warning: Tab character

lib/Filesystem/Path/Rules.hs:350:1: Warning: Tab character

lib/Filesystem/Path/Rules.hs:351:1: Warning: Tab character

lib/Filesystem/Path/Rules.hs:352:1: Warning: Tab character

lib/Filesystem/Path/Rules.hs:353:1: Warning: Tab character

lib/Filesystem/Path/Rules.hs:354:1: Warning: Tab character

lib/Filesystem/Path/Rules.hs:355:1: Warning: Tab character

lib/Filesystem/Path/Rules.hs:359:1: Warning: Tab character

lib/Filesystem/Path/Rules.hs:360:1: Warning: Tab character

lib/Filesystem/Path/Rules.hs:361:1: Warning: Tab character

lib/Filesystem/Path/Rules.hs:362:1: Warning: Tab character

lib/Filesystem/Path/Rules.hs:363:1: Warning: Tab character

lib/Filesystem/Path/Rules.hs:364:1: Warning: Tab character

lib/Filesystem/Path/Rules.hs:365:1: Warning: Tab character

lib/Filesystem/Path/Rules.hs:369:1: Warning: Tab character

lib/Filesystem/Path/Rules.hs:370:1: Warning: Tab character

lib/Filesystem/Path/Rules.hs:371:1: Warning: Tab character

lib/Filesystem/Path/Rules.hs:372:1: Warning: Tab character

lib/Filesystem/Path/Rules.hs:373:1: Warning: Tab character

lib/Filesystem/Path/Rules.hs:374:1: Warning: Tab character

lib/Filesystem/Path/Rules.hs:375:1: Warning: Tab character

lib/Filesystem/Path/Rules.hs:376:1: Warning: Tab character

lib/Filesystem/Path/Rules.hs:377:1: Warning: Tab character

lib/Filesystem/Path/Rules.hs:378:1: Warning: Tab character

lib/Filesystem/Path/Rules.hs:379:1: Warning: Tab character

lib/Filesystem/Path/Rules.hs:380:1: Warning: Tab character

lib/Filesystem/Path/Rules.hs:381:1: Warning: Tab character

lib/Filesystem/Path/Rules.hs:382:1: Warning: Tab character

lib/Filesystem/Path/Rules.hs:388:1: Warning: Tab character

lib/Filesystem/Path/Rules.hs:389:1: Warning: Tab character

lib/Filesystem/Path/Rules.hs:390:1: Warning: Tab character
[4 of 4] Compiling Filesystem.Path.CurrentOS ( lib/Filesystem/Path/CurrentOS.hs, .stack-work/dist/x86_64-osx/Cabal-1.22.4.0/build/Filesystem/Path/CurrentOS.o )

lib/Filesystem/Path/CurrentOS.hs:18:1: Warning: Tab character

lib/Filesystem/Path/CurrentOS.hs:19:1: Warning: Tab character

lib/Filesystem/Path/CurrentOS.hs:20:1: Warning: Tab character

lib/Filesystem/Path/CurrentOS.hs:21:1: Warning: Tab character

lib/Filesystem/Path/CurrentOS.hs:22:1: Warning: Tab character

lib/Filesystem/Path/CurrentOS.hs:23:1: Warning: Tab character

lib/Filesystem/Path/CurrentOS.hs:24:1: Warning: Tab character

lib/Filesystem/Path/CurrentOS.hs:25:1: Warning: Tab character

lib/Filesystem/Path/CurrentOS.hs:26:1: Warning: Tab character

lib/Filesystem/Path/CurrentOS.hs:27:1: Warning: Tab character

lib/Filesystem/Path/CurrentOS.hs:28:1: Warning: Tab character

lib/Filesystem/Path/CurrentOS.hs:29:1: Warning: Tab character

lib/Filesystem/Path/CurrentOS.hs:30:1: Warning: Tab character

lib/Filesystem/Path/CurrentOS.hs:31:1: Warning: Tab character

lib/Filesystem/Path/CurrentOS.hs:32:1: Warning: Tab character

lib/Filesystem/Path/CurrentOS.hs:33:1: Warning: Tab character

lib/Filesystem/Path/CurrentOS.hs:37:1: Warning:
    The qualified import of ‘Data.ByteString’ is redundant
      except perhaps to import instances from ‘Data.ByteString’
    To import instances alone, use: import Data.ByteString()

lib/Filesystem/Path/CurrentOS.hs:75:1: Warning: Tab character

lib/Filesystem/Path/CurrentOS.hs:78:1: Warning: Tab character

lib/Filesystem/Path/CurrentOS.hs:79:1: Warning: Tab character

lib/Filesystem/Path/CurrentOS.hs:80:1: Warning: Tab character

lib/Filesystem/Path/CurrentOS.hs:81:1: Warning: Tab character
In-place registering system-filepath-0.4.13.4...

/var/folders/qr/sg1fbycs14x_18lb4n6gd0_w0000gn/T/stack51089/system-filepath-0.4.13.4/Setup.hs:7:1: Warning:
    Tab character

/var/folders/qr/sg1fbycs14x_18lb4n6gd0_w0000gn/T/stack51089/system-filepath-0.4.13.4/Setup.hs:8:1: Warning:
    Tab character

/var/folders/qr/sg1fbycs14x_18lb4n6gd0_w0000gn/T/stack51089/system-filepath-0.4.13.4/Setup.hs:9:1: Warning:
    Tab character

/var/folders/qr/sg1fbycs14x_18lb4n6gd0_w0000gn/T/stack51089/system-filepath-0.4.13.4/Setup.hs:10:1: Warning:
    Tab character

/var/folders/qr/sg1fbycs14x_18lb4n6gd0_w0000gn/T/stack51089/system-filepath-0.4.13.4/Setup.hs:11:1: Warning:
    Tab character

/var/folders/qr/sg1fbycs14x_18lb4n6gd0_w0000gn/T/stack51089/system-filepath-0.4.13.4/Setup.hs:12:1: Warning:
    Tab character
Installing library in
/Users/libby/.stack/snapshots/x86_64-osx/nightly-2015-09-17/7.10.2/lib/x86_64-osx-ghc-7.10.2/system-filepath-0.4.13.4-2SzVkwMcB0z2zba4qxCrKf
Registering system-filepath-0.4.13.4...
